<?xml version="1.0" encoding="UTF-8"?>
<coverage generated="1776888238534" clover="3.2.0">
  <project timestamp="1776888238534" name="All files">
    <metrics statements="4" coveredstatements="4" conditionals="2" coveredconditionals="2" methods="2" coveredmethods="2" elements="8" coveredelements="8" complexity="0" loc="4" ncloc="4" packages="1" files="1" classes="1"/>
    <file name="createDrink.ts" path="/home/eklow/dev/javascript/skola/ts-testnig/vite-project/src/coffeshop/createDrink.ts">
      <metrics statements="4" coveredstatements="4" conditionals="2" coveredconditionals="2" methods="2" coveredmethods="2"/>
      <line num="6" count="1" type="stmt"/>
      <line num="15" count="18" type="stmt"/>
      <line num="16" count="6" type="cond" truecount="2" falsecount="0"/>
      <line num="17" count="4" type="stmt"/>
    </file>
  </project>
</coverage>
