<?xml version="1.0" encoding="UTF-8"?>
<coverage generated="1776860106078" clover="3.2.0">
  <project timestamp="1776860106078" name="All files">
    <metrics statements="1" coveredstatements="1" conditionals="0" coveredconditionals="0" methods="2" coveredmethods="2" elements="3" coveredelements="3" complexity="0" loc="1" ncloc="1" packages="1" files="1" classes="1"/>
    <file name="sum.ts" path="/home/eklow/dev/skola-backend-2026/ts-testnig/vite-project/src/sum.ts">
      <metrics statements="1" coveredstatements="1" conditionals="0" coveredconditionals="0" methods="2" coveredmethods="2"/>
      <line num="3" count="5" type="stmt"/>
    </file>
  </project>
</coverage>
