{"/home/eklow/dev/skola-backend-2026/ts-testnig/vite-project/src/sum.ts": {"path":"/home/eklow/dev/skola-backend-2026/ts-testnig/vite-project/src/sum.ts","statementMap":{"0":{"start":{"line":3,"column":4},"end":{"line":3,"column":null}},"1":{"start":{"line":3,"column":40},"end":{"line":3,"column":51}}},"fnMap":{"0":{"name":"sum","decl":{"start":{"line":2,"column":24},"end":{"line":2,"column":28}},"loc":{"start":{"line":2,"column":50},"end":{"line":3,"column":null}},"line":2},"1":{"name":"(anonymous_1)","decl":{"start":{"line":3,"column":19},"end":{"line":3,"column":27}},"loc":{"start":{"line":3,"column":40},"end":{"line":3,"column":51}},"line":3}},"branchMap":{},"s":{"0":3,"1":5},"f":{"0":3,"1":5},"b":{},"meta":{"lastBranch":0,"lastFunction":2,"lastStatement":2,"seen":{"f:2:24:2:28":0,"s:3:4:3:Infinity":0,"f:3:19:3:27":1,"s:3:40:3:51":1}}}
}
