{"/home/eklow/dev/javascript/skola/ts-testnig/vite-project/src/coffeshop/createDrink.ts": {"path":"/home/eklow/dev/javascript/skola/ts-testnig/vite-project/src/coffeshop/createDrink.ts","statementMap":{"0":{"start":{"line":6,"column":28},"end":{"line":11,"column":null}},"1":{"start":{"line":15,"column":15},"end":{"line":15,"column":58}},"2":{"start":{"line":15,"column":38},"end":{"line":15,"column":58}},"3":{"start":{"line":16,"column":1},"end":{"line":16,"column":null}},"4":{"start":{"line":16,"column":13},"end":{"line":16,"column":null}},"5":{"start":{"line":17,"column":1},"end":{"line":17,"column":null}}},"fnMap":{"0":{"name":"createDrink","decl":{"start":{"line":14,"column":16},"end":{"line":14,"column":28}},"loc":{"start":{"line":14,"column":50},"end":{"line":17,"column":null}},"line":14},"1":{"name":"(anonymous_1)","decl":{"start":{"line":15,"column":22},"end":{"line":15,"column":28}},"loc":{"start":{"line":15,"column":38},"end":{"line":15,"column":58}},"line":15}},"branchMap":{"0":{"loc":{"start":{"line":16,"column":1},"end":{"line":16,"column":null}},"type":"if","locations":[{"start":{"line":16,"column":1},"end":{"line":16,"column":null}},{"start":{},"end":{}}],"line":16}},"s":{"0":1,"1":6,"2":18,"3":6,"4":2,"5":4},"f":{"0":6,"1":18},"b":{"0":[2,4]},"meta":{"lastBranch":1,"lastFunction":2,"lastStatement":6,"seen":{"s:6:28:11:Infinity":0,"f:14:16:14:28":0,"s:15:15:15:58":1,"f:15:22:15:28":1,"s:15:38:15:58":2,"b:16:1:16:Infinity:undefined:undefined:undefined:undefined":0,"s:16:1:16:Infinity":3,"s:16:13:16:Infinity":4,"s:17:1:17:Infinity":5}}}
}
