<?xml version="1.0" encoding="UTF-8"?>
<coverage generated="1777024078742" clover="3.2.0">
  <project timestamp="1777024078743" name="All files">
    <metrics statements="18" coveredstatements="5" conditionals="8" coveredconditionals="1" methods="5" coveredmethods="2" elements="31" coveredelements="8" complexity="0" loc="18" ncloc="18" packages="1" files="1" classes="1"/>
    <file name="shopbooks.ts" path="/home/eklow/dev/skola-backend-2026/ts-testnig/src/bookstore/shopbooks.ts">
      <metrics statements="18" coveredstatements="5" conditionals="8" coveredconditionals="1" methods="5" coveredmethods="2"/>
      <line num="7" count="1" type="stmt"/>
      <line num="16" count="1" type="stmt"/>
      <line num="17" count="1" type="stmt"/>
      <line num="19" count="1" type="cond" truecount="1" falsecount="1"/>
      <line num="20" count="1" type="stmt"/>
      <line num="24" count="0" type="stmt"/>
      <line num="25" count="0" type="stmt"/>
      <line num="26" count="0" type="stmt"/>
      <line num="27" count="0" type="stmt"/>
      <line num="31" count="0" type="cond" truecount="0" falsecount="2"/>
      <line num="32" count="0" type="cond" truecount="0" falsecount="4"/>
      <line num="33" count="0" type="stmt"/>
      <line num="34" count="0" type="stmt"/>
      <line num="39" count="0" type="stmt"/>
      <line num="40" count="0" type="stmt"/>
      <line num="41" count="0" type="stmt"/>
      <line num="43" count="0" type="stmt"/>
      <line num="46" count="0" type="stmt"/>
    </file>
  </project>
</coverage>
