{"/home/eklow/dev/skola-backend-2026/ts-testnig/src/sum.ts": {"path":"/home/eklow/dev/skola-backend-2026/ts-testnig/src/sum.ts","statementMap":{"0":{"start":{"line":4,"column":1},"end":{"line":6,"column":null}},"1":{"start":{"line":5,"column":2},"end":{"line":6,"column":null}},"2":{"start":{"line":6,"column":3},"end":{"line":6,"column":null}},"3":{"start":{"line":11,"column":1},"end":{"line":11,"column":null}},"4":{"start":{"line":11,"column":37},"end":{"line":11,"column":48}}},"fnMap":{"0":{"name":"sum","decl":{"start":{"line":2,"column":24},"end":{"line":2,"column":28}},"loc":{"start":{"line":2,"column":50},"end":{"line":11,"column":null}},"line":2},"1":{"name":"(anonymous_1)","decl":{"start":{"line":11,"column":16},"end":{"line":11,"column":24}},"loc":{"start":{"line":11,"column":37},"end":{"line":11,"column":48}},"line":11}},"branchMap":{"0":{"loc":{"start":{"line":5,"column":2},"end":{"line":6,"column":null}},"type":"if","locations":[{"start":{"line":5,"column":2},"end":{"line":6,"column":null}},{"start":{},"end":{}}],"line":5},"1":{"loc":{"start":{"line":5,"column":6},"end":{"line":5,"column":50}},"type":"binary-expr","locations":[{"start":{"line":5,"column":6},"end":{"line":5,"column":33}},{"start":{"line":5,"column":33},"end":{"line":5,"column":50}}],"line":5}},"s":{"0":5,"1":9,"2":0,"3":5,"4":9},"f":{"0":5,"1":9},"b":{"0":[0,9],"1":[9,9]},"meta":{"lastBranch":2,"lastFunction":2,"lastStatement":5,"seen":{"f:2:24:2:28":0,"s:4:1:6:Infinity":0,"b:5:2:6:Infinity:undefined:undefined:undefined:undefined":0,"s:5:2:6:Infinity":1,"b:5:6:5:33:5:33:5:50":1,"s:6:3:6:Infinity":2,"s:11:1:11:Infinity":3,"f:11:16:11:24":1,"s:11:37:11:48":4}}}
}
