{"/home/eklow/dev/skola-backend-2026/ts-testnig/src/sum.ts": {"path":"/home/eklow/dev/skola-backend-2026/ts-testnig/src/sum.ts","statementMap":{"0":{"start":{"line":3,"column":1},"end":{"line":3,"column":null}},"1":{"start":{"line":3,"column":37},"end":{"line":3,"column":48}}},"fnMap":{"0":{"name":"sum","decl":{"start":{"line":2,"column":24},"end":{"line":2,"column":28}},"loc":{"start":{"line":2,"column":50},"end":{"line":3,"column":null}},"line":2},"1":{"name":"(anonymous_1)","decl":{"start":{"line":3,"column":16},"end":{"line":3,"column":24}},"loc":{"start":{"line":3,"column":37},"end":{"line":3,"column":48}},"line":3}},"branchMap":{},"s":{"0":3,"1":5},"f":{"0":3,"1":5},"b":{},"meta":{"lastBranch":0,"lastFunction":2,"lastStatement":2,"seen":{"f:2:24:2:28":0,"s:3:1:3:Infinity":0,"f:3:16:3:24":1,"s:3:37:3:48":1}}}
,"/home/eklow/dev/skola-backend-2026/ts-testnig/src/bookstore/shopbooks.ts": {"path":"/home/eklow/dev/skola-backend-2026/ts-testnig/src/bookstore/shopbooks.ts","statementMap":{"0":{"start":{"line":7,"column":26},"end":{"line":12,"column":null}},"1":{"start":{"line":16,"column":36},"end":{"line":16,"column":78}},"2":{"start":{"line":16,"column":57},"end":{"line":16,"column":78}},"3":{"start":{"line":17,"column":1},"end":{"line":17,"column":null}},"4":{"start":{"line":17,"column":12},"end":{"line":17,"column":null}},"5":{"start":{"line":18,"column":1},"end":{"line":18,"column":null}},"6":{"start":{"line":22,"column":1},"end":{"line":22,"column":null}},"7":{"start":{"line":23,"column":24},"end":{"line":23,"column":55}},"8":{"start":{"line":24,"column":1},"end":{"line":24,"column":null}},"9":{"start":{"line":25,"column":1},"end":{"line":25,"column":null}},"10":{"start":{"line":29,"column":1},"end":{"line":29,"column":null}},"11":{"start":{"line":29,"column":18},"end":{"line":29,"column":null}},"12":{"start":{"line":30,"column":1},"end":{"line":30,"column":null}},"13":{"start":{"line":30,"column":34},"end":{"line":30,"column":null}},"14":{"start":{"line":31,"column":1},"end":{"line":31,"column":null}},"15":{"start":{"line":32,"column":1},"end":{"line":32,"column":null}},"16":{"start":{"line":37,"column":19},"end":{"line":37,"column":34}},"17":{"start":{"line":38,"column":16},"end":{"line":38,"column":44}},"18":{"start":{"line":39,"column":1},"end":{"line":39,"column":null}},"19":{"start":{"line":41,"column":1},"end":{"line":43,"column":null}},"20":{"start":{"line":44,"column":1},"end":{"line":44,"column":null}}},"fnMap":{"0":{"name":"findBook","decl":{"start":{"line":15,"column":16},"end":{"line":15,"column":25}},"loc":{"start":{"line":15,"column":50},"end":{"line":18,"column":null}},"line":15},"1":{"name":"(anonymous_1)","decl":{"start":{"line":16,"column":42},"end":{"line":16,"column":48}},"loc":{"start":{"line":16,"column":57},"end":{"line":16,"column":78}},"line":16},"2":{"name":"reservStock","decl":{"start":{"line":21,"column":16},"end":{"line":21,"column":28}},"loc":{"start":{"line":21,"column":51},"end":{"line":25,"column":null}},"line":21},"3":{"name":"confirmPurchase","decl":{"start":{"line":28,"column":16},"end":{"line":28,"column":32}},"loc":{"start":{"line":28,"column":73},"end":{"line":32,"column":null}},"line":28},"4":{"name":"buyBook","decl":{"start":{"line":35,"column":16},"end":{"line":35,"column":24}},"loc":{"start":{"line":35,"column":48},"end":{"line":44,"column":null}},"line":35}},"branchMap":{"0":{"loc":{"start":{"line":17,"column":1},"end":{"line":17,"column":null}},"type":"if","locations":[{"start":{"line":17,"column":1},"end":{"line":17,"column":null}},{"start":{},"end":{}}],"line":17},"1":{"loc":{"start":{"line":29,"column":1},"end":{"line":29,"column":null}},"type":"if","locations":[{"start":{"line":29,"column":1},"end":{"line":29,"column":null}},{"start":{},"end":{}}],"line":29},"2":{"loc":{"start":{"line":30,"column":1},"end":{"line":30,"column":null}},"type":"if","locations":[{"start":{"line":30,"column":1},"end":{"line":30,"column":null}},{"start":{},"end":{}}],"line":30},"3":{"loc":{"start":{"line":30,"column":5},"end":{"line":30,"column":34}},"type":"binary-expr","locations":[{"start":{"line":30,"column":5},"end":{"line":30,"column":20}},{"start":{"line":30,"column":20},"end":{"line":30,"column":34}}],"line":30}},"s":{"0":1,"1":1,"2":1,"3":1,"4":0,"5":1,"6":0,"7":0,"8":0,"9":0,"10":0,"11":0,"12":0,"13":0,"14":0,"15":0,"16":0,"17":0,"18":0,"19":0,"20":0},"f":{"0":1,"1":1,"2":0,"3":0,"4":0},"b":{"0":[0,1],"1":[0,0],"2":[0,0],"3":[0,0]},"meta":{"lastBranch":4,"lastFunction":5,"lastStatement":21,"seen":{"s:7:26:12:Infinity":0,"f:15:16:15:25":0,"s:16:36:16:78":1,"f:16:42:16:48":1,"s:16:57:16:78":2,"b:17:1:17:Infinity:undefined:undefined:undefined:undefined":0,"s:17:1:17:Infinity":3,"s:17:12:17:Infinity":4,"s:18:1:18:Infinity":5,"f:21:16:21:28":2,"s:22:1:22:Infinity":6,"s:23:24:23:55":7,"s:24:1:24:Infinity":8,"s:25:1:25:Infinity":9,"f:28:16:28:32":3,"b:29:1:29:Infinity:undefined:undefined:undefined:undefined":1,"s:29:1:29:Infinity":10,"s:29:18:29:Infinity":11,"b:30:1:30:Infinity:undefined:undefined:undefined:undefined":2,"s:30:1:30:Infinity":12,"b:30:5:30:20:30:20:30:34":3,"s:30:34:30:Infinity":13,"s:31:1:31:Infinity":14,"s:32:1:32:Infinity":15,"f:35:16:35:24":4,"s:37:19:37:34":16,"s:38:16:38:44":17,"s:39:1:39:Infinity":18,"s:41:1:43:Infinity":19,"s:44:1:44:Infinity":20}}}
,"/home/eklow/dev/skola-backend-2026/ts-testnig/src/coffeshop/createDrink.ts": {"path":"/home/eklow/dev/skola-backend-2026/ts-testnig/src/coffeshop/createDrink.ts","statementMap":{"0":{"start":{"line":6,"column":28},"end":{"line":11,"column":null}},"1":{"start":{"line":15,"column":38},"end":{"line":16,"column":null}},"2":{"start":{"line":16,"column":13},"end":{"line":16,"column":null}},"3":{"start":{"line":18,"column":1},"end":{"line":18,"column":null}},"4":{"start":{"line":18,"column":13},"end":{"line":18,"column":null}},"5":{"start":{"line":19,"column":1},"end":{"line":19,"column":null}},"6":{"start":{"line":23,"column":1},"end":{"line":23,"column":null}},"7":{"start":{"line":24,"column":24},"end":{"line":24,"column":55}},"8":{"start":{"line":25,"column":1},"end":{"line":25,"column":null}},"9":{"start":{"line":29,"column":1},"end":{"line":29,"column":null}},"10":{"start":{"line":29,"column":18},"end":{"line":29,"column":null}},"11":{"start":{"line":30,"column":1},"end":{"line":30,"column":null}},"12":{"start":{"line":30,"column":34},"end":{"line":30,"column":null}},"13":{"start":{"line":31,"column":1},"end":{"line":31,"column":null}},"14":{"start":{"line":32,"column":1},"end":{"line":32,"column":null}},"15":{"start":{"line":37,"column":19},"end":{"line":37,"column":37}},"16":{"start":{"line":38,"column":16},"end":{"line":38,"column":44}},"17":{"start":{"line":39,"column":1},"end":{"line":39,"column":null}},"18":{"start":{"line":41,"column":1},"end":{"line":43,"column":null}},"19":{"start":{"line":44,"column":1},"end":{"line":44,"column":null}}},"fnMap":{"0":{"name":"createDrink","decl":{"start":{"line":14,"column":16},"end":{"line":14,"column":28}},"loc":{"start":{"line":14,"column":53},"end":{"line":19,"column":null}},"line":14},"1":{"name":"(anonymous_1)","decl":{"start":{"line":15,"column":45},"end":{"line":15,"column":null}},"loc":{"start":{"line":16,"column":13},"end":{"line":16,"column":null}},"line":16},"2":{"name":"prepareDrink","decl":{"start":{"line":22,"column":16},"end":{"line":22,"column":29}},"loc":{"start":{"line":22,"column":52},"end":{"line":25,"column":null}},"line":22},"3":{"name":"processPayment","decl":{"start":{"line":28,"column":16},"end":{"line":28,"column":31}},"loc":{"start":{"line":28,"column":72},"end":{"line":32,"column":null}},"line":28},"4":{"name":"orderDrink","decl":{"start":{"line":35,"column":16},"end":{"line":35,"column":27}},"loc":{"start":{"line":35,"column":51},"end":{"line":44,"column":null}},"line":35}},"branchMap":{"0":{"loc":{"start":{"line":18,"column":1},"end":{"line":18,"column":null}},"type":"if","locations":[{"start":{"line":18,"column":1},"end":{"line":18,"column":null}},{"start":{},"end":{}}],"line":18},"1":{"loc":{"start":{"line":29,"column":1},"end":{"line":29,"column":null}},"type":"if","locations":[{"start":{"line":29,"column":1},"end":{"line":29,"column":null}},{"start":{},"end":{}}],"line":29},"2":{"loc":{"start":{"line":30,"column":1},"end":{"line":30,"column":null}},"type":"if","locations":[{"start":{"line":30,"column":1},"end":{"line":30,"column":null}},{"start":{},"end":{}}],"line":30},"3":{"loc":{"start":{"line":30,"column":5},"end":{"line":30,"column":34}},"type":"binary-expr","locations":[{"start":{"line":30,"column":5},"end":{"line":30,"column":20}},{"start":{"line":30,"column":20},"end":{"line":30,"column":34}}],"line":30}},"s":{"0":1,"1":8,"2":21,"3":8,"4":2,"5":6,"6":5,"7":5,"8":5,"9":4,"10":0,"11":4,"12":1,"13":3,"14":3,"15":2,"16":2,"17":2,"18":2,"19":2},"f":{"0":8,"1":21,"2":5,"3":4,"4":2},"b":{"0":[2,6],"1":[0,4],"2":[1,3],"3":[4,4]},"meta":{"lastBranch":4,"lastFunction":5,"lastStatement":20,"seen":{"s:6:28:11:Infinity":0,"f:14:16:14:28":0,"s:15:38:16:Infinity":1,"f:15:45:15:Infinity":1,"s:16:13:16:Infinity":2,"b:18:1:18:Infinity:undefined:undefined:undefined:undefined":0,"s:18:1:18:Infinity":3,"s:18:13:18:Infinity":4,"s:19:1:19:Infinity":5,"f:22:16:22:29":2,"s:23:1:23:Infinity":6,"s:24:24:24:55":7,"s:25:1:25:Infinity":8,"f:28:16:28:31":3,"b:29:1:29:Infinity:undefined:undefined:undefined:undefined":1,"s:29:1:29:Infinity":9,"s:29:18:29:Infinity":10,"b:30:1:30:Infinity:undefined:undefined:undefined:undefined":2,"s:30:1:30:Infinity":11,"b:30:5:30:20:30:20:30:34":3,"s:30:34:30:Infinity":12,"s:31:1:31:Infinity":13,"s:32:1:32:Infinity":14,"f:35:16:35:27":4,"s:37:19:37:37":15,"s:38:16:38:44":16,"s:39:1:39:Infinity":17,"s:41:1:43:Infinity":18,"s:44:1:44:Infinity":19}}}
}
